Vivado Simulator v2023.1
Copyright 1986-2022 Xilinx, Inc. All Rights Reserved.
Copyright 2022-2023 Advanced Micro Devices, Inc. All Rights Reserved.
Running: /home/markus/build/Xilinx/Vivado/2023.1/bin/unwrapped/lnx64.o/xelab --incr --debug typical --relax --mt 8 -L xil_defaultlib -L secureip --snapshot slave_tb_behav xil_defaultlib.slave_tb -log elaborate.log 
Using 8 slave threads.
Starting static elaboration
Completed static elaboration
Starting simulation data flow analysis
Completed simulation data flow analysis
Time Resolution for simulation is 1ps
Compiling package std.standard
Compiling package std.textio
Compiling package ieee.std_logic_1164
Compiling package ieee.numeric_std
Compiling package xil_defaultlib.plusbus_pkg
Compiling package xil_defaultlib.sha256_pkg
Compiling architecture behavioral of entity xil_defaultlib.data_link [\data_link(addr="10")\]
Compiling architecture behaviorial of entity xil_defaultlib.passwd_expander [passwd_expander_default]
Compiling architecture behavioral of entity xil_defaultlib.sha256_core [sha256_core_default]
Compiling architecture behavioral of entity xil_defaultlib.multi_round_hasher [multi_round_hasher_default]
Compiling architecture behavioral of entity xil_defaultlib.core_controller [\core_controller(n=2)\]
Compiling architecture behavioral of entity xil_defaultlib.slave_tb
Built simulation snapshot slave_tb_behav
