Added Component: Designator=GND(Header 1x3)
Added Component: Designator=Node 1(Header 1x12)
Added Component: Designator=Node 2(Header 1x12)
Added Component: Designator=Node 3(Header 1x12)
Added Component: Designator=U?(XCVR_ESP32-C3-DEVKITM-1)
Add component (AddParameter): Name = "Availability"; Value = "In Stock"; VariantName = "[No Variations]"
Add component (AddParameter): Name = "Check_prices"; Value = "https://www.snapeda.com/parts/ESP32-C3-DEVKITM-1/Espressif+Systems/view-part/?ref=eda"; VariantName = "[No Variations]"
Add component (AddParameter): Name = "MF"; Value = "Espressif Systems"; VariantName = "[No Variations]"
Add component (AddParameter): Name = "MP"; Value = "ESP32-C3-DEVKITM-1"; VariantName = "[No Variations]"
Add component (AddParameter): Name = "Package"; Value = "None"; VariantName = "[No Variations]"
Add component (AddParameter): Name = "Price"; Value = "None"; VariantName = "[No Variations]"
Add component (AddParameter): Name = "Purchase-URL"; Value = "https://pricing.snapeda.com/search/part/ESP32-C3-DEVKITM-1/?ref=eda"; VariantName = "[No Variations]"
Add component (AddParameter): Name = "SnapEDA_Link"; Value = "https://www.snapeda.com/parts/ESP32-C3-DEVKITM-1/Espressif+Systems/view-part/?ref=snap"; VariantName = "[No Variations]"
Add component (AddParameter): Name = "Value"; Value = ""; VariantName = "[No Variations]"
Added Pin To Net: NetName=A0 Pin=Node 1-9
Added Pin To Net: NetName=A0 Pin=Node 2-9
Added Pin To Net: NetName=A0 Pin=Node 3-9
Added Pin To Net: NetName=A0 Pin=U?-9
Added Net: Name=A0
Added Pin To Net: NetName=A1 Pin=Node 1-10
Added Pin To Net: NetName=A1 Pin=Node 2-10
Added Pin To Net: NetName=A1 Pin=Node 3-10
Added Pin To Net: NetName=A1 Pin=U?-10
Added Net: Name=A1
Added Pin To Net: NetName=CLK Pin=Node 1-12
Added Pin To Net: NetName=CLK Pin=Node 2-12
Added Pin To Net: NetName=CLK Pin=Node 3-12
Added Pin To Net: NetName=CLK Pin=U?-4
Added Net: Name=CLK
Added Pin To Net: NetName=D0 Pin=Node 1-1
Added Pin To Net: NetName=D0 Pin=Node 2-1
Added Pin To Net: NetName=D0 Pin=Node 3-1
Added Pin To Net: NetName=D0 Pin=U?-26
Added Net: Name=D0
Added Pin To Net: NetName=D1 Pin=Node 1-2
Added Pin To Net: NetName=D1 Pin=Node 2-2
Added Pin To Net: NetName=D1 Pin=Node 3-2
Added Pin To Net: NetName=D1 Pin=U?-25
Added Net: Name=D1
Added Pin To Net: NetName=D2 Pin=Node 1-3
Added Pin To Net: NetName=D2 Pin=Node 2-3
Added Pin To Net: NetName=D2 Pin=Node 3-3
Added Pin To Net: NetName=D2 Pin=U?-23
Added Net: Name=D2
Added Pin To Net: NetName=D3 Pin=Node 1-4
Added Pin To Net: NetName=D3 Pin=Node 2-4
Added Pin To Net: NetName=D3 Pin=Node 3-4
Added Pin To Net: NetName=D3 Pin=U?-22
Added Net: Name=D3
Added Pin To Net: NetName=D4 Pin=Node 1-5
Added Pin To Net: NetName=D4 Pin=Node 2-5
Added Pin To Net: NetName=D4 Pin=Node 3-5
Added Pin To Net: NetName=D4 Pin=U?-21
Added Net: Name=D4
Added Pin To Net: NetName=D5 Pin=Node 1-6
Added Pin To Net: NetName=D5 Pin=Node 2-6
Added Pin To Net: NetName=D5 Pin=Node 3-6
Added Pin To Net: NetName=D5 Pin=U?-20
Added Net: Name=D5
Added Pin To Net: NetName=D6 Pin=Node 1-7
Added Pin To Net: NetName=D6 Pin=Node 2-7
Added Pin To Net: NetName=D6 Pin=Node 3-7
Added Pin To Net: NetName=D6 Pin=U?-18
Added Net: Name=D6
Added Pin To Net: NetName=D7 Pin=Node 1-8
Added Pin To Net: NetName=D7 Pin=Node 2-8
Added Pin To Net: NetName=D7 Pin=Node 3-8
Added Pin To Net: NetName=D7 Pin=U?-17
Added Net: Name=D7
Added Pin To Net: NetName=GND Pin=GND-1
Added Pin To Net: NetName=GND Pin=GND-2
Added Pin To Net: NetName=GND Pin=GND-3
Added Pin To Net: NetName=GND Pin=U?-1
Added Pin To Net: NetName=GND Pin=U?-6
Added Pin To Net: NetName=GND Pin=U?-8
Added Pin To Net: NetName=GND Pin=U?-12
Added Pin To Net: NetName=GND Pin=U?-15
Added Pin To Net: NetName=GND Pin=U?-16
Added Pin To Net: NetName=GND Pin=U?-19
Added Pin To Net: NetName=GND Pin=U?-24
Added Pin To Net: NetName=GND Pin=U?-27
Added Pin To Net: NetName=GND Pin=U?-30
Added Net: Name=GND
Added Pin To Net: NetName=R_NW Pin=Node 1-11
Added Pin To Net: NetName=R_NW Pin=Node 2-11
Added Pin To Net: NetName=R_NW Pin=Node 3-11
Added Pin To Net: NetName=R_NW Pin=U?-5
Added Net: Name=R_NW
Added Class: Name=mainpcb
