
*** Running vivado
    with args -log test_top.vds -m64 -product Vivado -mode batch -messageDb vivado.pb -notrace -source test_top.tcl


****** Vivado v2023.1 (64-bit)
  **** SW Build 3865809 on Sun May  7 15:04:56 MDT 2023
  **** IP Build 3864474 on Sun May  7 20:36:21 MDT 2023
  **** SharedData Build 3865790 on Sun May 07 13:33:03 MDT 2023
    ** Copyright 1986-2022 Xilinx, Inc. All Rights Reserved.
    ** Copyright 2022-2023 Advanced Micro Devices, Inc. All Rights Reserved.

source test_top.tcl -notrace
create_project: Time (s): cpu = 00:00:06 ; elapsed = 00:00:06 . Memory (MB): peak = 1334.840 ; gain = 0.023 ; free physical = 7937 ; free virtual = 12516
Command: synth_design -top test_top -part xc7a35tcpg236-1
Starting synth_design
Attempting to get a license for feature 'Synthesis' and/or device 'xc7a35t'
INFO: [Common 17-349] Got license for feature 'Synthesis' and/or device 'xc7a35t'
INFO: [Synth 8-7079] Multithreading enabled for synth_design using a maximum of 4 processes.
INFO: [Synth 8-7078] Launching helper process for spawning children vivado processes
INFO: [Synth 8-7075] Helper process launched with PID 40666
---------------------------------------------------------------------------------
Starting Synthesize : Time (s): cpu = 00:00:03 ; elapsed = 00:00:04 . Memory (MB): peak = 1685.672 ; gain = 350.832 ; free physical = 7309 ; free virtual = 11889
---------------------------------------------------------------------------------
INFO: [Synth 8-638] synthesizing module 'test_top' [/home/markus/uni/ESD3_project/code/cyclone_v_sha256/src/test_top.vhd:18]
INFO: [Synth 8-638] synthesizing module 'data_link' [/home/markus/uni/ESD3_project/code/cyclone_v_sha256/src/data_link.vhd:23]
	Parameter ADDR bound to: 2'b10 
INFO: [Synth 8-256] done synthesizing module 'data_link' (0#1) [/home/markus/uni/ESD3_project/code/cyclone_v_sha256/src/data_link.vhd:23]
INFO: [Synth 8-638] synthesizing module 'passwd_expander' [/home/markus/uni/ESD3_project/code/cyclone_v_sha256/src/passwd_expander.vhd:19]
INFO: [Synth 8-256] done synthesizing module 'passwd_expander' (0#1) [/home/markus/uni/ESD3_project/code/cyclone_v_sha256/src/passwd_expander.vhd:19]
INFO: [Synth 8-256] done synthesizing module 'test_top' (0#1) [/home/markus/uni/ESD3_project/code/cyclone_v_sha256/src/test_top.vhd:18]
---------------------------------------------------------------------------------
Finished Synthesize : Time (s): cpu = 00:00:05 ; elapsed = 00:00:05 . Memory (MB): peak = 1753.641 ; gain = 418.801 ; free physical = 7224 ; free virtual = 11804
---------------------------------------------------------------------------------
---------------------------------------------------------------------------------
Finished Constraint Validation : Time (s): cpu = 00:00:05 ; elapsed = 00:00:05 . Memory (MB): peak = 1768.484 ; gain = 433.645 ; free physical = 7216 ; free virtual = 11796
---------------------------------------------------------------------------------
---------------------------------------------------------------------------------
Start Loading Part and Timing Information
---------------------------------------------------------------------------------
Loading part: xc7a35tcpg236-1
---------------------------------------------------------------------------------
INFO: [Device 21-403] Loading part xc7a35tcpg236-1
Finished Loading Part and Timing Information : Time (s): cpu = 00:00:05 ; elapsed = 00:00:05 . Memory (MB): peak = 1776.488 ; gain = 441.648 ; free physical = 7216 ; free virtual = 11796
---------------------------------------------------------------------------------
INFO: [Synth 8-802] inferred FSM for state register 'current_state_reg' in module 'passwd_expander'
---------------------------------------------------------------------------------------------------
                   State |                     New Encoding |                Previous Encoding 
---------------------------------------------------------------------------------------------------
                    stop |                               00 |                               00
                   start |                               01 |                               01
                    data |                               10 |                               11
                  escape |                               11 |                               10
---------------------------------------------------------------------------------------------------
INFO: [Synth 8-3354] encoded FSM with state register 'current_state_reg' using encoding 'sequential' in module 'passwd_expander'
---------------------------------------------------------------------------------
Finished RTL Optimization Phase 2 : Time (s): cpu = 00:00:06 ; elapsed = 00:00:06 . Memory (MB): peak = 1793.402 ; gain = 458.562 ; free physical = 7189 ; free virtual = 11770
---------------------------------------------------------------------------------
No constraint files found.
---------------------------------------------------------------------------------
Start RTL Component Statistics 
---------------------------------------------------------------------------------
Detailed RTL Component Info : 
+---Adders : 
	   2 Input    9 Bit       Adders := 2     
+---Registers : 
	              512 Bit    Registers := 1     
	                9 Bit    Registers := 1     
	                8 Bit    Registers := 1     
	                2 Bit    Registers := 1     
	                1 Bit    Registers := 8     
+---Muxes : 
	   2 Input  512 Bit        Muxes := 2     
	   4 Input  512 Bit        Muxes := 2     
	   4 Input    9 Bit        Muxes := 1     
	   2 Input    8 Bit        Muxes := 6     
	   2 Input    2 Bit        Muxes := 3     
	   4 Input    2 Bit        Muxes := 1     
	   3 Input    2 Bit        Muxes := 1     
	   2 Input    1 Bit        Muxes := 3     
	   4 Input    1 Bit        Muxes := 2     
---------------------------------------------------------------------------------
Finished RTL Component Statistics 
---------------------------------------------------------------------------------
---------------------------------------------------------------------------------
Start Part Resource Summary
---------------------------------------------------------------------------------
Part Resources:
DSPs: 90 (col length:60)
BRAMs: 100 (col length: RAMB18 60 RAMB36 30)
---------------------------------------------------------------------------------
Finished Part Resource Summary
---------------------------------------------------------------------------------
No constraint files found.
---------------------------------------------------------------------------------
Start Cross Boundary and Area Optimization
---------------------------------------------------------------------------------
WARNING: [Synth 8-7080] Parallel synthesis criteria is not met
WARNING: [Synth 8-3332] Sequential element (FSM_sequential_current_state_reg[1]) is unused and will be removed from module passwd_expander.
WARNING: [Synth 8-3332] Sequential element (FSM_sequential_current_state_reg[0]) is unused and will be removed from module passwd_expander.
---------------------------------------------------------------------------------
Finished Cross Boundary and Area Optimization : Time (s): cpu = 00:00:09 ; elapsed = 00:00:09 . Memory (MB): peak = 1908.809 ; gain = 573.969 ; free physical = 7053 ; free virtual = 11638
---------------------------------------------------------------------------------
No constraint files found.
---------------------------------------------------------------------------------
Start Timing Optimization
---------------------------------------------------------------------------------
---------------------------------------------------------------------------------
Finished Timing Optimization : Time (s): cpu = 00:00:09 ; elapsed = 00:00:09 . Memory (MB): peak = 1908.809 ; gain = 573.969 ; free physical = 7053 ; free virtual = 11638
---------------------------------------------------------------------------------
---------------------------------------------------------------------------------
Start Technology Mapping
---------------------------------------------------------------------------------
---------------------------------------------------------------------------------
Finished Technology Mapping : Time (s): cpu = 00:00:09 ; elapsed = 00:00:09 . Memory (MB): peak = 1908.809 ; gain = 573.969 ; free physical = 7053 ; free virtual = 11638
---------------------------------------------------------------------------------
---------------------------------------------------------------------------------
Start IO Insertion
---------------------------------------------------------------------------------
---------------------------------------------------------------------------------
Start Flattening Before IO Insertion
---------------------------------------------------------------------------------
---------------------------------------------------------------------------------
Finished Flattening Before IO Insertion
---------------------------------------------------------------------------------
---------------------------------------------------------------------------------
Start Final Netlist Cleanup
---------------------------------------------------------------------------------
---------------------------------------------------------------------------------
Finished Final Netlist Cleanup
---------------------------------------------------------------------------------
---------------------------------------------------------------------------------
Finished IO Insertion : Time (s): cpu = 00:00:12 ; elapsed = 00:00:13 . Memory (MB): peak = 1908.809 ; gain = 573.969 ; free physical = 7048 ; free virtual = 11635
---------------------------------------------------------------------------------
---------------------------------------------------------------------------------
Start Renaming Generated Instances
---------------------------------------------------------------------------------
---------------------------------------------------------------------------------
Finished Renaming Generated Instances : Time (s): cpu = 00:00:12 ; elapsed = 00:00:13 . Memory (MB): peak = 1908.809 ; gain = 573.969 ; free physical = 7048 ; free virtual = 11635
---------------------------------------------------------------------------------
---------------------------------------------------------------------------------
Start Rebuilding User Hierarchy
---------------------------------------------------------------------------------
---------------------------------------------------------------------------------
Finished Rebuilding User Hierarchy : Time (s): cpu = 00:00:12 ; elapsed = 00:00:13 . Memory (MB): peak = 1908.809 ; gain = 573.969 ; free physical = 7048 ; free virtual = 11635
---------------------------------------------------------------------------------
---------------------------------------------------------------------------------
Start Renaming Generated Ports
---------------------------------------------------------------------------------
---------------------------------------------------------------------------------
Finished Renaming Generated Ports : Time (s): cpu = 00:00:12 ; elapsed = 00:00:13 . Memory (MB): peak = 1908.809 ; gain = 573.969 ; free physical = 7048 ; free virtual = 11635
---------------------------------------------------------------------------------
---------------------------------------------------------------------------------
Start Handling Custom Attributes
---------------------------------------------------------------------------------
---------------------------------------------------------------------------------
Finished Handling Custom Attributes : Time (s): cpu = 00:00:12 ; elapsed = 00:00:13 . Memory (MB): peak = 1908.809 ; gain = 573.969 ; free physical = 7048 ; free virtual = 11635
---------------------------------------------------------------------------------
---------------------------------------------------------------------------------
Start Renaming Generated Nets
---------------------------------------------------------------------------------
---------------------------------------------------------------------------------
Finished Renaming Generated Nets : Time (s): cpu = 00:00:12 ; elapsed = 00:00:13 . Memory (MB): peak = 1908.809 ; gain = 573.969 ; free physical = 7048 ; free virtual = 11635
---------------------------------------------------------------------------------
---------------------------------------------------------------------------------
Start Writing Synthesis Report
---------------------------------------------------------------------------------

Report BlackBoxes: 
+-+--------------+----------+
| |BlackBox name |Instances |
+-+--------------+----------+
+-+--------------+----------+

Report Cell Usage: 
+------+------+------+
|      |Cell  |Count |
+------+------+------+
|1     |BUFG  |     1|
|2     |LUT2  |     1|
|3     |LUT4  |     3|
|4     |LUT5  |     1|
|5     |LUT6  |     8|
|6     |FDRE  |    22|
|7     |IBUF  |    13|
|8     |IOBUF |     8|
|9     |OBUF  |     8|
+------+------+------+

Report Instance Areas: 
+------+---------+----------+------+
|      |Instance |Module    |Cells |
+------+---------+----------+------+
|1     |top      |          |    65|
|2     |  DL     |data_link |    27|
+------+---------+----------+------+
---------------------------------------------------------------------------------
Finished Writing Synthesis Report : Time (s): cpu = 00:00:12 ; elapsed = 00:00:13 . Memory (MB): peak = 1908.809 ; gain = 573.969 ; free physical = 7048 ; free virtual = 11635
---------------------------------------------------------------------------------
Synthesis finished with 0 errors, 0 critical warnings and 3 warnings.
Synthesis Optimization Runtime : Time (s): cpu = 00:00:12 ; elapsed = 00:00:13 . Memory (MB): peak = 1908.809 ; gain = 573.969 ; free physical = 7047 ; free virtual = 11634
Synthesis Optimization Complete : Time (s): cpu = 00:00:12 ; elapsed = 00:00:13 . Memory (MB): peak = 1908.816 ; gain = 573.969 ; free physical = 7047 ; free virtual = 11634
INFO: [Project 1-571] Translating synthesized netlist
Netlist sorting complete. Time (s): cpu = 00:00:00 ; elapsed = 00:00:00 . Memory (MB): peak = 1923.652 ; gain = 0.000 ; free physical = 7330 ; free virtual = 11917
INFO: [Netlist 29-17] Analyzing 8 Unisim elements for replacement
INFO: [Netlist 29-28] Unisim Transformation completed in 0 CPU seconds
INFO: [Project 1-570] Preparing netlist for logic optimization
INFO: [Opt 31-138] Pushed 0 inverter(s) to 0 load pin(s).
Netlist sorting complete. Time (s): cpu = 00:00:00 ; elapsed = 00:00:00 . Memory (MB): peak = 2057.367 ; gain = 0.000 ; free physical = 7259 ; free virtual = 11843
INFO: [Project 1-111] Unisim Transformation Summary:
  A total of 8 instances were transformed.
  IOBUF => IOBUF (IBUF, OBUFT): 8 instances

Synth Design complete | Checksum: e12c0b92
INFO: [Common 17-83] Releasing license: Synthesis
20 Infos, 3 Warnings, 0 Critical Warnings and 0 Errors encountered.
synth_design completed successfully
synth_design: Time (s): cpu = 00:00:17 ; elapsed = 00:00:14 . Memory (MB): peak = 2057.367 ; gain = 722.527 ; free physical = 7259 ; free virtual = 11843
INFO: [Common 17-2834] synth_design peak Physical Memory [PSS] (MB): overall = 1572.389; main = 1335.060; forked = 377.840
INFO: [Common 17-2834] synth_design peak Virtual Memory [VSS] (MB): overall = 2878.082; main = 2057.367; forked = 969.273
INFO: [Common 17-1381] The checkpoint '/home/markus/uni/ESD3_project/code/sha256_vivado_cmod/sha256_vivado_cmod.runs/synth_1/test_top.dcp' has been generated.
INFO: [runtcl-4] Executing : report_utilization -file test_top_utilization_synth.rpt -pb test_top_utilization_synth.pb
INFO: [Common 17-206] Exiting Vivado at Fri Nov 10 12:51:45 2023...
